[23:49:20] [main/INFO]: Setting user: Player955
[23:49:21] [Client thread/INFO]: LWJGL Version: 2.9.1
[23:49:22] [Client thread/ERROR]: Couldn't initialize twitch stream
[23:49:31] [Client thread/INFO]: Reloading ResourceManager: Default, FMLFileResourcePack:Forge Mod Loader, FMLFileResourcePack:Minecraft Forge, FMLFileResourcePack:The Infinibox, FMLFileResourcePack:AnimationAPI, FMLFileResourcePack:Animation Example, FMLFileResourcePack:OpenComputers, FMLFileResourcePack:PlayBlock
[23:49:34] [Sound Library Loader/INFO]: Sound engine started
[23:49:36] [Client thread/INFO]: Created: 16x16 textures/blocks-atlas
[23:49:36] [Client thread/INFO]: Created: 16x16 textures/items-atlas
[23:49:37] [Client thread/INFO]: Reloading ResourceManager: Default, FMLFileResourcePack:Forge Mod Loader, FMLFileResourcePack:Minecraft Forge, FMLFileResourcePack:The Infinibox, FMLFileResourcePack:AnimationAPI, FMLFileResourcePack:Animation Example, FMLFileResourcePack:OpenComputers, FMLFileResourcePack:PlayBlock
[23:49:38] [Client thread/INFO]: Created: 512x256 textures/blocks-atlas
[23:49:38] [Client thread/INFO]: Created: 512x256 textures/items-atlas
[23:49:39] [Sound Library Loader/INFO]: Sound engine started
[23:49:43] [Server thread/INFO]: Starting integrated minecraft server version 1.7.10
[23:49:43] [Server thread/INFO]: Generating keypair
[23:49:43] [Server thread/INFO]: Preparing start region for level 0
[23:49:44] [Server thread/INFO]: Changing view distance to 12, from 10
[23:49:45] [Server thread/INFO]: Player955[local:E:ca76a668] logged in with entity id 235 at (221.38722664723355, 67.0, 213.2356598694469)
[23:49:45] [Server thread/INFO]: Player955 joined the game
[23:49:45] [Client thread/INFO]: [CHAT] §aOpenComputers§f: No supported power providing mod available. Computers, screens and all other components will §lnot§f require energy. Install one of the following mods to enable power: BuildCraft, Electrical Age, IndustrialCraft2, Mekanism or Thermal Expansion. Disable power in the config to suppress this warning.
[23:49:47] [Client thread/WARN]: Failed to load texture: Infinibox:textures/misc/static.png
java.io.FileNotFoundException: Infinibox:textures/misc/static.png
	at net.minecraft.client.resources.SimpleReloadableResourceManager.getResource(SimpleReloadableResourceManager.java:71) ~[SimpleReloadableResourceManager.class:?]
	at net.minecraft.client.renderer.texture.SimpleTexture.loadTexture(SimpleTexture.java:35) ~[SimpleTexture.class:?]
	at net.minecraft.client.renderer.texture.TextureManager.loadTexture(TextureManager.java:89) [TextureManager.class:?]
	at net.minecraft.client.renderer.texture.TextureManager.bindTexture(TextureManager.java:45) [TextureManager.class:?]
	at com.monsterspawned.infinibox.misc.ClientStaticEffect.renderGameOverlay(ClientStaticEffect.java:72) [ClientStaticEffect.class:?]
	at cpw.mods.fml.common.eventhandler.ASMEventHandler_10_ClientStaticEffect_renderGameOverlay_Post.invoke(.dynamic) [?:?]
	at cpw.mods.fml.common.eventhandler.ASMEventHandler.invoke(ASMEventHandler.java:54) [ASMEventHandler.class:?]
	at cpw.mods.fml.common.eventhandler.EventBus.post(EventBus.java:140) [EventBus.class:?]
	at net.minecraftforge.client.GuiIngameForge.post(GuiIngameForge.java:905) [GuiIngameForge.class:?]
	at net.minecraftforge.client.GuiIngameForge.renderExperience(GuiIngameForge.java:550) [GuiIngameForge.class:?]
	at net.minecraftforge.client.GuiIngameForge.renderGameOverlay(GuiIngameForge.java:153) [GuiIngameForge.class:?]
	at net.minecraft.client.renderer.EntityRenderer.updateCameraAndRender(EntityRenderer.java:1114) [EntityRenderer.class:?]
	at net.minecraft.client.Minecraft.runGameLoop(Minecraft.java:1067) [Minecraft.class:?]
	at net.minecraft.client.Minecraft.run(Minecraft.java:962) [Minecraft.class:?]
	at net.minecraft.client.main.Main.main(Main.java:164) [Main.class:?]
	at sun.reflect.NativeMethodAccessorImpl.invoke0(Native Method) ~[?:1.8.0_102]
	at sun.reflect.NativeMethodAccessorImpl.invoke(Unknown Source) ~[?:1.8.0_102]
	at sun.reflect.DelegatingMethodAccessorImpl.invoke(Unknown Source) ~[?:1.8.0_102]
	at java.lang.reflect.Method.invoke(Unknown Source) ~[?:1.8.0_102]
	at net.minecraft.launchwrapper.Launch.launch(Launch.java:135) [launchwrapper-1.12.jar:?]
	at net.minecraft.launchwrapper.Launch.main(Launch.java:28) [launchwrapper-1.12.jar:?]
	at net.minecraftforge.gradle.GradleStartCommon.launch(Unknown Source) [start/:?]
	at GradleStart.main(Unknown Source) [start/:?]
[23:49:47] [Client thread/WARN]: Failed to load texture: Infinibox::textures.misc.Slender
java.io.FileNotFoundException: Infinibox::textures.misc.Slender
	at net.minecraft.client.resources.SimpleReloadableResourceManager.getResource(SimpleReloadableResourceManager.java:71) ~[SimpleReloadableResourceManager.class:?]
	at net.minecraft.client.renderer.texture.SimpleTexture.loadTexture(SimpleTexture.java:35) ~[SimpleTexture.class:?]
	at net.minecraft.client.renderer.texture.TextureManager.loadTexture(TextureManager.java:89) [TextureManager.class:?]
	at net.minecraft.client.renderer.texture.TextureManager.bindTexture(TextureManager.java:45) [TextureManager.class:?]
	at net.minecraft.client.renderer.entity.Render.bindTexture(Render.java:60) [Render.class:?]
	at net.minecraft.client.renderer.entity.Render.bindEntityTexture(Render.java:55) [Render.class:?]
	at net.minecraft.client.renderer.entity.RendererLivingEntity.renderModel(RendererLivingEntity.java:305) [RendererLivingEntity.class:?]
	at net.minecraft.client.renderer.entity.RendererLivingEntity.doRender(RendererLivingEntity.java:165) [RendererLivingEntity.class:?]
	at net.minecraft.client.renderer.entity.RenderLiving.doRender(RenderLiving.java:36) [RenderLiving.class:?]
	at com.monsterspawned.infinibox.entities.render.RenderSlendy.renderSlenderman(RenderSlendy.java:24) [RenderSlendy.class:?]
	at com.monsterspawned.infinibox.entities.render.RenderSlendy.doRender(RenderSlendy.java:41) [RenderSlendy.class:?]
	at net.minecraft.client.renderer.entity.RenderManager.func_147939_a(RenderManager.java:300) [RenderManager.class:?]
	at net.minecraft.client.renderer.entity.RenderManager.renderEntityStatic(RenderManager.java:278) [RenderManager.class:?]
	at net.minecraft.client.renderer.entity.RenderManager.renderEntitySimple(RenderManager.java:251) [RenderManager.class:?]
	at net.minecraft.client.renderer.RenderGlobal.renderEntities(RenderGlobal.java:527) [RenderGlobal.class:?]
	at net.minecraft.client.renderer.EntityRenderer.renderWorld(EntityRenderer.java:1300) [EntityRenderer.class:?]
	at net.minecraft.client.renderer.EntityRenderer.updateCameraAndRender(EntityRenderer.java:1087) [EntityRenderer.class:?]
	at net.minecraft.client.Minecraft.runGameLoop(Minecraft.java:1067) [Minecraft.class:?]
	at net.minecraft.client.Minecraft.run(Minecraft.java:962) [Minecraft.class:?]
	at net.minecraft.client.main.Main.main(Main.java:164) [Main.class:?]
	at sun.reflect.NativeMethodAccessorImpl.invoke0(Native Method) ~[?:1.8.0_102]
	at sun.reflect.NativeMethodAccessorImpl.invoke(Unknown Source) ~[?:1.8.0_102]
	at sun.reflect.DelegatingMethodAccessorImpl.invoke(Unknown Source) ~[?:1.8.0_102]
	at java.lang.reflect.Method.invoke(Unknown Source) ~[?:1.8.0_102]
	at net.minecraft.launchwrapper.Launch.launch(Launch.java:135) [launchwrapper-1.12.jar:?]
	at net.minecraft.launchwrapper.Launch.main(Launch.java:28) [launchwrapper-1.12.jar:?]
	at net.minecraftforge.gradle.GradleStartCommon.launch(Unknown Source) [start/:?]
	at GradleStart.main(Unknown Source) [start/:?]
[23:49:47] [Client thread/WARN]: Failed to load texture: Infinibox:textures/misc/static2.png
java.io.FileNotFoundException: Infinibox:textures/misc/static2.png
	at net.minecraft.client.resources.SimpleReloadableResourceManager.getResource(SimpleReloadableResourceManager.java:71) ~[SimpleReloadableResourceManager.class:?]
	at net.minecraft.client.renderer.texture.SimpleTexture.loadTexture(SimpleTexture.java:35) ~[SimpleTexture.class:?]
	at net.minecraft.client.renderer.texture.TextureManager.loadTexture(TextureManager.java:89) [TextureManager.class:?]
	at net.minecraft.client.renderer.texture.TextureManager.bindTexture(TextureManager.java:45) [TextureManager.class:?]
	at com.monsterspawned.infinibox.misc.ClientStaticEffect.renderGameOverlay(ClientStaticEffect.java:74) [ClientStaticEffect.class:?]
	at cpw.mods.fml.common.eventhandler.ASMEventHandler_10_ClientStaticEffect_renderGameOverlay_Post.invoke(.dynamic) [?:?]
	at cpw.mods.fml.common.eventhandler.ASMEventHandler.invoke(ASMEventHandler.java:54) [ASMEventHandler.class:?]
	at cpw.mods.fml.common.eventhandler.EventBus.post(EventBus.java:140) [EventBus.class:?]
	at net.minecraftforge.client.GuiIngameForge.post(GuiIngameForge.java:905) [GuiIngameForge.class:?]
	at net.minecraftforge.client.GuiIngameForge.renderExperience(GuiIngameForge.java:550) [GuiIngameForge.class:?]
	at net.minecraftforge.client.GuiIngameForge.renderGameOverlay(GuiIngameForge.java:153) [GuiIngameForge.class:?]
	at net.minecraft.client.renderer.EntityRenderer.updateCameraAndRender(EntityRenderer.java:1114) [EntityRenderer.class:?]
	at net.minecraft.client.Minecraft.runGameLoop(Minecraft.java:1067) [Minecraft.class:?]
	at net.minecraft.client.Minecraft.run(Minecraft.java:962) [Minecraft.class:?]
	at net.minecraft.client.main.Main.main(Main.java:164) [Main.class:?]
	at sun.reflect.NativeMethodAccessorImpl.invoke0(Native Method) ~[?:1.8.0_102]
	at sun.reflect.NativeMethodAccessorImpl.invoke(Unknown Source) ~[?:1.8.0_102]
	at sun.reflect.DelegatingMethodAccessorImpl.invoke(Unknown Source) ~[?:1.8.0_102]
	at java.lang.reflect.Method.invoke(Unknown Source) ~[?:1.8.0_102]
	at net.minecraft.launchwrapper.Launch.launch(Launch.java:135) [launchwrapper-1.12.jar:?]
	at net.minecraft.launchwrapper.Launch.main(Launch.java:28) [launchwrapper-1.12.jar:?]
	at net.minecraftforge.gradle.GradleStartCommon.launch(Unknown Source) [start/:?]
	at GradleStart.main(Unknown Source) [start/:?]
[23:49:48] [Server thread/INFO]: Saving and pausing game...
[23:49:48] [Server thread/INFO]: Saving chunks for level 'Test'/Overworld
[23:49:48] [Server thread/INFO]: Saving chunks for level 'Test'/Nether
[23:49:48] [Server thread/INFO]: Saving chunks for level 'Test'/The End
[23:49:49] [Server thread/INFO]: Stopping server
[23:49:49] [Server thread/INFO]: Saving players
[23:49:49] [Server thread/INFO]: Saving worlds
[23:49:49] [Server thread/INFO]: Saving chunks for level 'Test'/Overworld
[23:49:49] [Server thread/INFO]: Saving chunks for level 'Test'/Nether
[23:49:49] [Server thread/INFO]: Saving chunks for level 'Test'/The End
[23:49:51] [Client thread/INFO]: Stopping!
